15:32:48 (MainThread): Beggining new data harvest
15:32:48 (MainThread): Starting thread 1/5.
15:32:48 (MainThread): Starting thread 2/5.
15:32:48 (MainThread): Starting thread 3/5.
15:32:48 (MainThread): Starting thread 4/5.
15:32:48 (MainThread): Starting thread 5/5.
15:33:30 (Thread-3): Scraping department: ACCT.
15:33:30 (Thread-4): Scraping department: AIRR.
15:33:31 (Thread-2): Scraping department: ANTH.
15:33:31 (Thread-5): Scraping department: APPM.
15:33:32 (Thread-1): Scraping department: APRD.
15:34:33 (Thread-4): Scraping department: ARAB.
15:35:31 (Thread-4): Scraping department: ARCH.
15:35:56 (Thread-4): Got error message for ARCH, assumed empty.
15:35:56 (Thread-4): Scraping department: AREN.
15:36:03 (Thread-3): Scraping department: ARSC.
15:37:27 (Thread-2): Scraping department: ARTF.
15:37:32 (Thread-4): Scraping department: ARTH.
15:37:45 (Thread-3): Scraping department: ARTS.
15:38:02 (Thread-1): Scraping department: ASEN.
15:38:09 (Thread-2): Scraping department: ASIA.
15:39:05 (Thread-2): Scraping department: ASTR.
15:41:50 (Thread-4): Scraping department: ATLS.
15:42:53 (Thread-1): Scraping department: ATOC.
15:46:56 (Thread-2): Scraping department: BADM.
Exception in thread Thread-3:
Traceback (most recent call last):
  File "/home/alexander/yourcuinfo/src/mycuinfo/crawler.py", line 217, in scrape
    self.results.append(scrape_department(driver, self.filepath, dept))
  File "/home/alexander/yourcuinfo/src/mycuinfo/crawler.py", line 118, in scrape_department
    if not driver.find_elements_by_class_name('ui-icon-plus'):
  File "/home/alexander/.local/lib/python3.5/site-packages/selenium/webdriver/remote/webdriver.py", line 497, in find_elements_by_class_name
    return self.find_elements(by=By.CLASS_NAME, value=name)
  File "/home/alexander/.local/lib/python3.5/site-packages/selenium/webdriver/remote/webdriver.py", line 883, in find_elements
    'value': value})['value'] or []
  File "/home/alexander/.local/lib/python3.5/site-packages/selenium/webdriver/remote/webdriver.py", line 308, in execute
    self.error_handler.check_response(response)
  File "/home/alexander/.local/lib/python3.5/site-packages/selenium/webdriver/remote/errorhandler.py", line 194, in check_response
    raise exception_class(message, screen, stacktrace)
selenium.common.exceptions.TimeoutException: Message: timeout
  (Session info: headless chrome=62.0.3202.75)
  (Driver info: chromedriver=2.33.506092 (733a02544d189eeb751fe0d7ddca79a0ee28cce4),platform=Linux 4.10.0-38-generic x86_64)


During handling of the above exception, another exception occurred:

Traceback (most recent call last):
  File "/usr/lib/python3.5/threading.py", line 914, in _bootstrap_inner
    self.run()
  File "/home/alexander/yourcuinfo/src/mycuinfo/crawler.py", line 236, in run
    self.scrape(self.dept_queue, exception_handler)
  File "/home/alexander/yourcuinfo/src/mycuinfo/crawler.py", line 221, in scrape
    driver.close()
  File "/home/alexander/.local/lib/python3.5/site-packages/selenium/webdriver/remote/webdriver.py", line 593, in close
    self.execute(Command.CLOSE)
  File "/home/alexander/.local/lib/python3.5/site-packages/selenium/webdriver/remote/webdriver.py", line 308, in execute
    self.error_handler.check_response(response)
  File "/home/alexander/.local/lib/python3.5/site-packages/selenium/webdriver/remote/errorhandler.py", line 194, in check_response
    raise exception_class(message, screen, stacktrace)
selenium.common.exceptions.WebDriverException: Message: unknown error: failed to close window in 20 seconds
  (Session info: headless chrome=62.0.3202.75)
  (Driver info: chromedriver=2.33.506092 (733a02544d189eeb751fe0d7ddca79a0ee28cce4),platform=Linux 4.10.0-38-generic x86_64)


15:48:01 (Thread-2): Scraping department: BASE.
Exception in thread Thread-4:
Traceback (most recent call last):
  File "/home/alexander/yourcuinfo/src/mycuinfo/crawler.py", line 217, in scrape
    self.results.append(scrape_department(driver, self.filepath, dept))
  File "/home/alexander/yourcuinfo/src/mycuinfo/crawler.py", line 118, in scrape_department
    if not driver.find_elements_by_class_name('ui-icon-plus'):
  File "/home/alexander/.local/lib/python3.5/site-packages/selenium/webdriver/remote/webdriver.py", line 497, in find_elements_by_class_name
    return self.find_elements(by=By.CLASS_NAME, value=name)
  File "/home/alexander/.local/lib/python3.5/site-packages/selenium/webdriver/remote/webdriver.py", line 883, in find_elements
    'value': value})['value'] or []
  File "/home/alexander/.local/lib/python3.5/site-packages/selenium/webdriver/remote/webdriver.py", line 308, in execute
    self.error_handler.check_response(response)
  File "/home/alexander/.local/lib/python3.5/site-packages/selenium/webdriver/remote/errorhandler.py", line 194, in check_response
    raise exception_class(message, screen, stacktrace)
selenium.common.exceptions.TimeoutException: Message: timeout
  (Session info: headless chrome=62.0.3202.75)
  (Driver info: chromedriver=2.33.506092 (733a02544d189eeb751fe0d7ddca79a0ee28cce4),platform=Linux 4.10.0-38-generic x86_64)


During handling of the above exception, another exception occurred:

Traceback (most recent call last):
  File "/usr/lib/python3.5/threading.py", line 914, in _bootstrap_inner
    self.run()
  File "/home/alexander/yourcuinfo/src/mycuinfo/crawler.py", line 236, in run
    self.scrape(self.dept_queue, exception_handler)
  File "/home/alexander/yourcuinfo/src/mycuinfo/crawler.py", line 221, in scrape
    driver.close()
  File "/home/alexander/.local/lib/python3.5/site-packages/selenium/webdriver/remote/webdriver.py", line 593, in close
    self.execute(Command.CLOSE)
  File "/home/alexander/.local/lib/python3.5/site-packages/selenium/webdriver/remote/webdriver.py", line 308, in execute
    self.error_handler.check_response(response)
  File "/home/alexander/.local/lib/python3.5/site-packages/selenium/webdriver/remote/errorhandler.py", line 194, in check_response
    raise exception_class(message, screen, stacktrace)
selenium.common.exceptions.WebDriverException: Message: unknown error: failed to close window in 20 seconds
  (Session info: headless chrome=62.0.3202.75)
  (Driver info: chromedriver=2.33.506092 (733a02544d189eeb751fe0d7ddca79a0ee28cce4),platform=Linux 4.10.0-38-generic x86_64)


15:49:02 (Thread-2): Scraping department: BCOR.
Exception in thread Thread-1:
Traceback (most recent call last):
  File "/home/alexander/yourcuinfo/src/mycuinfo/crawler.py", line 217, in scrape
    self.results.append(scrape_department(driver, self.filepath, dept))
  File "/home/alexander/yourcuinfo/src/mycuinfo/crawler.py", line 118, in scrape_department
    if not driver.find_elements_by_class_name('ui-icon-plus'):
  File "/home/alexander/.local/lib/python3.5/site-packages/selenium/webdriver/remote/webdriver.py", line 497, in find_elements_by_class_name
    return self.find_elements(by=By.CLASS_NAME, value=name)
  File "/home/alexander/.local/lib/python3.5/site-packages/selenium/webdriver/remote/webdriver.py", line 883, in find_elements
    'value': value})['value'] or []
  File "/home/alexander/.local/lib/python3.5/site-packages/selenium/webdriver/remote/webdriver.py", line 308, in execute
    self.error_handler.check_response(response)
  File "/home/alexander/.local/lib/python3.5/site-packages/selenium/webdriver/remote/errorhandler.py", line 194, in check_response
    raise exception_class(message, screen, stacktrace)
selenium.common.exceptions.TimeoutException: Message: timeout
  (Session info: headless chrome=62.0.3202.75)
  (Driver info: chromedriver=2.33.506092 (733a02544d189eeb751fe0d7ddca79a0ee28cce4),platform=Linux 4.10.0-38-generic x86_64)


During handling of the above exception, another exception occurred:

Traceback (most recent call last):
  File "/usr/lib/python3.5/threading.py", line 914, in _bootstrap_inner
    self.run()
  File "/home/alexander/yourcuinfo/src/mycuinfo/crawler.py", line 236, in run
    self.scrape(self.dept_queue, exception_handler)
  File "/home/alexander/yourcuinfo/src/mycuinfo/crawler.py", line 221, in scrape
    driver.close()
  File "/home/alexander/.local/lib/python3.5/site-packages/selenium/webdriver/remote/webdriver.py", line 593, in close
    self.execute(Command.CLOSE)
  File "/home/alexander/.local/lib/python3.5/site-packages/selenium/webdriver/remote/webdriver.py", line 308, in execute
    self.error_handler.check_response(response)
  File "/home/alexander/.local/lib/python3.5/site-packages/selenium/webdriver/remote/errorhandler.py", line 194, in check_response
    raise exception_class(message, screen, stacktrace)
selenium.common.exceptions.WebDriverException: Message: unknown error: failed to close window in 20 seconds
  (Session info: headless chrome=62.0.3202.75)
  (Driver info: chromedriver=2.33.506092 (733a02544d189eeb751fe0d7ddca79a0ee28cce4),platform=Linux 4.10.0-38-generic x86_64)


Exception in thread Thread-5:
Traceback (most recent call last):
  File "/home/alexander/yourcuinfo/src/mycuinfo/crawler.py", line 217, in scrape
    self.results.append(scrape_department(driver, self.filepath, dept))
  File "/home/alexander/yourcuinfo/src/mycuinfo/crawler.py", line 118, in scrape_department
    if not driver.find_elements_by_class_name('ui-icon-plus'):
  File "/home/alexander/.local/lib/python3.5/site-packages/selenium/webdriver/remote/webdriver.py", line 497, in find_elements_by_class_name
    return self.find_elements(by=By.CLASS_NAME, value=name)
  File "/home/alexander/.local/lib/python3.5/site-packages/selenium/webdriver/remote/webdriver.py", line 883, in find_elements
    'value': value})['value'] or []
  File "/home/alexander/.local/lib/python3.5/site-packages/selenium/webdriver/remote/webdriver.py", line 308, in execute
    self.error_handler.check_response(response)
  File "/home/alexander/.local/lib/python3.5/site-packages/selenium/webdriver/remote/errorhandler.py", line 194, in check_response
    raise exception_class(message, screen, stacktrace)
selenium.common.exceptions.TimeoutException: Message: timeout
  (Session info: headless chrome=62.0.3202.75)
  (Driver info: chromedriver=2.33.506092 (733a02544d189eeb751fe0d7ddca79a0ee28cce4),platform=Linux 4.10.0-38-generic x86_64)


During handling of the above exception, another exception occurred:

Traceback (most recent call last):
  File "/usr/lib/python3.5/threading.py", line 914, in _bootstrap_inner
    self.run()
  File "/home/alexander/yourcuinfo/src/mycuinfo/crawler.py", line 236, in run
    self.scrape(self.dept_queue, exception_handler)
  File "/home/alexander/yourcuinfo/src/mycuinfo/crawler.py", line 221, in scrape
    driver.close()
  File "/home/alexander/.local/lib/python3.5/site-packages/selenium/webdriver/remote/webdriver.py", line 593, in close
    self.execute(Command.CLOSE)
  File "/home/alexander/.local/lib/python3.5/site-packages/selenium/webdriver/remote/webdriver.py", line 308, in execute
    self.error_handler.check_response(response)
  File "/home/alexander/.local/lib/python3.5/site-packages/selenium/webdriver/remote/errorhandler.py", line 194, in check_response
    raise exception_class(message, screen, stacktrace)
selenium.common.exceptions.WebDriverException: Message: unknown error: failed to close window in 20 seconds
  (Session info: headless chrome=62.0.3202.75)
  (Driver info: chromedriver=2.33.506092 (733a02544d189eeb751fe0d7ddca79a0ee28cce4),platform=Linux 4.10.0-38-generic x86_64)


15:50:31 (Thread-2): Scraping department: BSLW.
15:50:50 (Thread-2): Scraping department: BUSM.
15:51:09 (Thread-2): Scraping department: CAMW.
15:51:28 (Thread-2): Scraping department: CEES.
15:51:32 (Thread-2): Got error message for CEES, assumed empty.
15:51:32 (Thread-2): Scraping department: CESR.
15:51:49 (Thread-2): Scraping department: CHEM.
Exception in thread Thread-2:
Traceback (most recent call last):
  File "/home/alexander/yourcuinfo/src/mycuinfo/crawler.py", line 217, in scrape
    self.results.append(scrape_department(driver, self.filepath, dept))
  File "/home/alexander/yourcuinfo/src/mycuinfo/crawler.py", line 118, in scrape_department
    if not driver.find_elements_by_class_name('ui-icon-plus'):
  File "/home/alexander/.local/lib/python3.5/site-packages/selenium/webdriver/remote/webdriver.py", line 497, in find_elements_by_class_name
    return self.find_elements(by=By.CLASS_NAME, value=name)
  File "/home/alexander/.local/lib/python3.5/site-packages/selenium/webdriver/remote/webdriver.py", line 883, in find_elements
    'value': value})['value'] or []
  File "/home/alexander/.local/lib/python3.5/site-packages/selenium/webdriver/remote/webdriver.py", line 306, in execute
    response = self.command_executor.execute(driver_command, params)
  File "/home/alexander/.local/lib/python3.5/site-packages/selenium/webdriver/remote/remote_connection.py", line 460, in execute
    return self._request(command_info[0], url, body=data)
  File "/home/alexander/.local/lib/python3.5/site-packages/selenium/webdriver/remote/remote_connection.py", line 484, in _request
    resp = self._conn.getresponse()
  File "/usr/lib/python3.5/http/client.py", line 1197, in getresponse
    response.begin()
  File "/usr/lib/python3.5/http/client.py", line 297, in begin
    version, status, reason = self._read_status()
  File "/usr/lib/python3.5/http/client.py", line 266, in _read_status
    raise RemoteDisconnected("Remote end closed connection without"
http.client.RemoteDisconnected: Remote end closed connection without response

During handling of the above exception, another exception occurred:

Traceback (most recent call last):
  File "/usr/lib/python3.5/threading.py", line 914, in _bootstrap_inner
    self.run()
  File "/home/alexander/yourcuinfo/src/mycuinfo/crawler.py", line 236, in run
    self.scrape(self.dept_queue, exception_handler)
  File "/home/alexander/yourcuinfo/src/mycuinfo/crawler.py", line 221, in scrape
    driver.close()
  File "/home/alexander/.local/lib/python3.5/site-packages/selenium/webdriver/remote/webdriver.py", line 593, in close
    self.execute(Command.CLOSE)
  File "/home/alexander/.local/lib/python3.5/site-packages/selenium/webdriver/remote/webdriver.py", line 306, in execute
    response = self.command_executor.execute(driver_command, params)
  File "/home/alexander/.local/lib/python3.5/site-packages/selenium/webdriver/remote/remote_connection.py", line 460, in execute
    return self._request(command_info[0], url, body=data)
  File "/home/alexander/.local/lib/python3.5/site-packages/selenium/webdriver/remote/remote_connection.py", line 483, in _request
    self._conn.request(method, parsed_url.path, body, headers)
  File "/usr/lib/python3.5/http/client.py", line 1106, in request
    self._send_request(method, url, body, headers)
  File "/usr/lib/python3.5/http/client.py", line 1151, in _send_request
    self.endheaders(body)
  File "/usr/lib/python3.5/http/client.py", line 1102, in endheaders
    self._send_output(message_body)
  File "/usr/lib/python3.5/http/client.py", line 934, in _send_output
    self.send(msg)
  File "/usr/lib/python3.5/http/client.py", line 877, in send
    self.connect()
  File "/usr/lib/python3.5/http/client.py", line 849, in connect
    (self.host,self.port), self.timeout, self.source_address)
  File "/usr/lib/python3.5/socket.py", line 711, in create_connection
    raise err
  File "/usr/lib/python3.5/socket.py", line 702, in create_connection
    sock.connect(sa)
ConnectionRefusedError: [Errno 111] Connection refused

15:52:32 (MainThread): Finished data harvest.
15:52:32 (MainThread): Beginning parse.
15:52:32 (MainThread): Parsing ../data/raw_html/mycuinfo/ARTH.html
15:52:32 (MainThread): Parsing ../data/raw_html/mycuinfo/ARSC.html
15:52:33 (MainThread): Parsing ../data/raw_html/mycuinfo/BCOR.html
15:52:33 (MainThread): Parsing ../data/raw_html/mycuinfo/AREN.html
15:52:33 (MainThread): Parsing ../data/raw_html/mycuinfo/ACCT.html
15:52:33 (MainThread): Parsing ../data/raw_html/mycuinfo/ASEN.html
15:52:33 (MainThread): Parsing ../data/raw_html/mycuinfo/APRD.html
15:52:34 (MainThread): Parsing ../data/raw_html/mycuinfo/BASE.html
15:52:34 (MainThread): Parsing ../data/raw_html/mycuinfo/CAMW.html
15:52:34 (MainThread): Parsing ../data/raw_html/mycuinfo/CESR.html
15:52:34 (MainThread): Parsing ../data/raw_html/mycuinfo/ANTH.html
15:52:34 (MainThread): Parsing ../data/raw_html/mycuinfo/ARAB.html
15:52:34 (MainThread): Parsing ../data/raw_html/mycuinfo/AIRR.html
15:52:34 (MainThread): Parsing ../data/raw_html/mycuinfo/BUSM.html
15:52:34 (MainThread): Parsing ../data/raw_html/mycuinfo/ATLS.html
15:52:35 (MainThread): Parsing ../data/raw_html/mycuinfo/BSLW.html
15:52:35 (MainThread): Parsing ../data/raw_html/mycuinfo/ASTR.html
15:52:35 (MainThread): Parsing ../data/raw_html/mycuinfo/BADM.html
15:52:36 (MainThread): Parsing ../data/raw_html/mycuinfo/ATOC.html
15:52:36 (MainThread): Parsing ../data/raw_html/mycuinfo/ASIA.html
15:52:36 (MainThread): Parsing ../data/raw_html/mycuinfo/ARTF.html
15:52:36 (MainThread): Writing to ../data/json/mycuinfo.json
15:52:36 (MainThread): Parse finished.
15:53:03 (MainThread): Beggining new data harvest
15:53:03 (MainThread): Starting thread 1/2.
15:53:03 (MainThread): Starting thread 2/2.
15:53:21 (Thread-1): Scraping department: ACCT.
15:53:21 (Thread-2): Scraping department: AIRR.
15:53:49 (Thread-2): Scraping department: ANTH.
15:54:02 (Thread-1): Scraping department: APPM.
15:54:57 (Thread-2): Scraping department: APRD.
15:57:06 (Thread-2): Scraping department: ARAB.
15:57:36 (Thread-2): Scraping department: ARCH.
15:57:47 (Thread-2): Got error message for ARCH, assumed empty.
15:57:47 (Thread-2): Scraping department: AREN.
15:58:40 (Thread-2): Scraping department: ARSC.
15:59:39 (Thread-2): Scraping department: ARTF.
16:00:08 (Thread-2): Scraping department: ARTH.
16:01:45 (Thread-2): Scraping department: ARTS.
Exception in thread Thread-1:
Traceback (most recent call last):
  File "/home/alexander/yourcuinfo/src/mycuinfo/crawler.py", line 217, in scrape
    self.results.append(scrape_department(driver, self.filepath, dept))
  File "/home/alexander/yourcuinfo/src/mycuinfo/crawler.py", line 118, in scrape_department
    if not driver.find_elements_by_class_name('ui-icon-plus'):
  File "/home/alexander/.local/lib/python3.5/site-packages/selenium/webdriver/remote/webdriver.py", line 497, in find_elements_by_class_name
    return self.find_elements(by=By.CLASS_NAME, value=name)
  File "/home/alexander/.local/lib/python3.5/site-packages/selenium/webdriver/remote/webdriver.py", line 883, in find_elements
    'value': value})['value'] or []
  File "/home/alexander/.local/lib/python3.5/site-packages/selenium/webdriver/remote/webdriver.py", line 308, in execute
    self.error_handler.check_response(response)
  File "/home/alexander/.local/lib/python3.5/site-packages/selenium/webdriver/remote/errorhandler.py", line 194, in check_response
    raise exception_class(message, screen, stacktrace)
selenium.common.exceptions.TimeoutException: Message: timeout
  (Session info: headless chrome=62.0.3202.75)
  (Driver info: chromedriver=2.33.506092 (733a02544d189eeb751fe0d7ddca79a0ee28cce4),platform=Linux 4.10.0-38-generic x86_64)


During handling of the above exception, another exception occurred:

Traceback (most recent call last):
  File "/usr/lib/python3.5/threading.py", line 914, in _bootstrap_inner
    self.run()
  File "/home/alexander/yourcuinfo/src/mycuinfo/crawler.py", line 236, in run
    self.scrape(self.dept_queue, exception_handler)
  File "/home/alexander/yourcuinfo/src/mycuinfo/crawler.py", line 221, in scrape
    driver.close()
  File "/home/alexander/.local/lib/python3.5/site-packages/selenium/webdriver/remote/webdriver.py", line 593, in close
    self.execute(Command.CLOSE)
  File "/home/alexander/.local/lib/python3.5/site-packages/selenium/webdriver/remote/webdriver.py", line 308, in execute
    self.error_handler.check_response(response)
  File "/home/alexander/.local/lib/python3.5/site-packages/selenium/webdriver/remote/errorhandler.py", line 194, in check_response
    raise exception_class(message, screen, stacktrace)
selenium.common.exceptions.WebDriverException: Message: unknown error: failed to close window in 20 seconds
  (Session info: headless chrome=62.0.3202.75)
  (Driver info: chromedriver=2.33.506092 (733a02544d189eeb751fe0d7ddca79a0ee28cce4),platform=Linux 4.10.0-38-generic x86_64)


16:04:38 (Thread-2): Scraping department: ASEN.
16:05:27 (Thread-2): Scraping department: ASIA.
16:05:45 (Thread-2): Scraping department: ASTR.
16:07:07 (Thread-2): Scraping department: ATLS.
16:08:42 (Thread-2): Scraping department: ATOC.
16:10:13 (Thread-2): Scraping department: BADM.
16:10:36 (Thread-2): Scraping department: BASE.
16:10:57 (Thread-2): Scraping department: BCOR.
16:11:34 (Thread-2): Scraping department: BSLW.
16:11:54 (Thread-2): Scraping department: BUSM.
16:12:15 (Thread-2): Scraping department: CAMW.
16:12:34 (Thread-2): Scraping department: CEES.
16:12:40 (Thread-2): Got error message for CEES, assumed empty.
16:12:40 (Thread-2): Scraping department: CESR.
16:12:57 (Thread-2): Scraping department: CHEM.
16:21:12 (Thread-2): Scraping department: CHEN.
16:23:24 (Thread-2): Scraping department: CHIN.
16:23:49 (Thread-2): Scraping department: CLAS.
16:24:35 (Thread-2): Scraping department: CMCI.
16:25:01 (Thread-2): Scraping department: CMDP.
16:25:33 (Thread-2): Scraping department: COEN.
16:25:58 (Thread-2): Scraping department: COML.
16:26:19 (Thread-2): Scraping department: COMM.
16:27:18 (Thread-2): Scraping department: COMR.
16:27:36 (Thread-2): Scraping department: CSCI.
16:30:24 (Thread-2): Scraping department: CSVC.
16:30:44 (Thread-2): Scraping department: CVEN.
16:32:21 (Thread-2): Scraping department: CWCV.
16:32:39 (Thread-2): Scraping department: DANE.
16:32:56 (Thread-2): Scraping department: DNCE.
16:34:41 (Thread-2): Scraping department: EALC.
16:34:49 (Thread-2): Got error message for EALC, assumed empty.
16:34:49 (Thread-2): Scraping department: EBIO.
16:37:16 (Thread-2): Scraping department: ECEN.
16:42:12 (Thread-2): Scraping department: ECON.
16:45:26 (Thread-2): Scraping department: EDEN.
16:45:32 (Thread-2): Got error message for EDEN, assumed empty.
16:45:32 (Thread-2): Scraping department: EDUC.
16:47:35 (Thread-2): Scraping department: EHON.
16:47:44 (Thread-2): Got error message for EHON, assumed empty.
16:47:44 (Thread-2): Scraping department: EMEN.
16:48:29 (Thread-2): Scraping department: EMUS.
16:49:32 (Thread-2): Scraping department: ENEN.
16:49:51 (Thread-2): Scraping department: ENGL.
16:51:52 (Thread-2): Scraping department: ENST.
16:52:15 (Thread-2): Scraping department: ENVD.
16:53:20 (Thread-2): Scraping department: ENVM.
16:53:42 (Thread-2): Scraping department: ENVS.
16:54:44 (Thread-2): Scraping department: ESBM.
16:55:06 (Thread-2): Scraping department: ESLG.
16:55:12 (Thread-2): Got error message for ESLG, assumed empty.
16:55:12 (Thread-2): Scraping department: ETHN.
16:55:41 (Thread-2): Scraping department: EVEN.
16:56:07 (Thread-2): Scraping department: FARR.
16:56:25 (Thread-2): Scraping department: FILM.
16:57:03 (Thread-2): Scraping department: FNCE.
16:57:49 (Thread-2): Scraping department: FREN.
16:58:21 (Thread-2): Scraping department: FRSI.
16:58:46 (Thread-2): Scraping department: GEEN.
16:59:11 (Thread-2): Scraping department: GEOG.
17:00:52 (Thread-2): Scraping department: GEOL.
17:01:58 (Thread-2): Scraping department: GREK.
17:02:17 (Thread-2): Scraping department: GRMN.
17:02:57 (Thread-2): Scraping department: GSLL.
17:03:15 (Thread-2): Scraping department: HEBR.
17:03:34 (Thread-2): Scraping department: HIND.
17:03:55 (Thread-2): Scraping department: HIST.
17:05:14 (Thread-2): Scraping department: HONR.
17:05:32 (Thread-2): Scraping department: HUEN.
17:06:03 (Thread-2): Scraping department: HUMN.
17:06:40 (Thread-2): Scraping department: IAFS.
17:07:03 (Thread-2): Scraping department: IAWP.
17:07:21 (Thread-2): Scraping department: INBU.
17:07:49 (Thread-2): Scraping department: INFO.
17:08:17 (Thread-2): Scraping department: INVS.
17:08:47 (Thread-2): Scraping department: IPHY.
Exception in thread Thread-2:
Traceback (most recent call last):
  File "/home/alexander/yourcuinfo/src/mycuinfo/crawler.py", line 217, in scrape
    self.results.append(scrape_department(driver, self.filepath, dept))
  File "/home/alexander/yourcuinfo/src/mycuinfo/crawler.py", line 118, in scrape_department
    if not driver.find_elements_by_class_name('ui-icon-plus'):
  File "/home/alexander/.local/lib/python3.5/site-packages/selenium/webdriver/remote/webdriver.py", line 497, in find_elements_by_class_name
    return self.find_elements(by=By.CLASS_NAME, value=name)
  File "/home/alexander/.local/lib/python3.5/site-packages/selenium/webdriver/remote/webdriver.py", line 883, in find_elements
    'value': value})['value'] or []
  File "/home/alexander/.local/lib/python3.5/site-packages/selenium/webdriver/remote/webdriver.py", line 308, in execute
    self.error_handler.check_response(response)
  File "/home/alexander/.local/lib/python3.5/site-packages/selenium/webdriver/remote/errorhandler.py", line 194, in check_response
    raise exception_class(message, screen, stacktrace)
selenium.common.exceptions.TimeoutException: Message: timeout
  (Session info: headless chrome=62.0.3202.75)
  (Driver info: chromedriver=2.33.506092 (733a02544d189eeb751fe0d7ddca79a0ee28cce4),platform=Linux 4.10.0-38-generic x86_64)


During handling of the above exception, another exception occurred:

Traceback (most recent call last):
  File "/usr/lib/python3.5/threading.py", line 914, in _bootstrap_inner
    self.run()
  File "/home/alexander/yourcuinfo/src/mycuinfo/crawler.py", line 236, in run
    self.scrape(self.dept_queue, exception_handler)
  File "/home/alexander/yourcuinfo/src/mycuinfo/crawler.py", line 221, in scrape
    driver.close()
  File "/home/alexander/.local/lib/python3.5/site-packages/selenium/webdriver/remote/webdriver.py", line 593, in close
    self.execute(Command.CLOSE)
  File "/home/alexander/.local/lib/python3.5/site-packages/selenium/webdriver/remote/webdriver.py", line 308, in execute
    self.error_handler.check_response(response)
  File "/home/alexander/.local/lib/python3.5/site-packages/selenium/webdriver/remote/errorhandler.py", line 194, in check_response
    raise exception_class(message, screen, stacktrace)
selenium.common.exceptions.WebDriverException: Message: unknown error: failed to close window in 20 seconds
  (Session info: headless chrome=62.0.3202.75)
  (Driver info: chromedriver=2.33.506092 (733a02544d189eeb751fe0d7ddca79a0ee28cce4),platform=Linux 4.10.0-38-generic x86_64)


17:16:39 (MainThread): Finished data harvest.
17:16:39 (MainThread): Beginning parse.
17:16:39 (MainThread): Parsing ../data/raw_html/mycuinfo/ENGL.html
17:16:40 (MainThread): Parsing ../data/raw_html/mycuinfo/ARTH.html
17:16:40 (MainThread): Parsing ../data/raw_html/mycuinfo/CHIN.html
17:16:41 (MainThread): Parsing ../data/raw_html/mycuinfo/INFO.html
17:16:41 (MainThread): Parsing ../data/raw_html/mycuinfo/FARR.html
17:16:41 (MainThread): Parsing ../data/raw_html/mycuinfo/ENST.html
17:16:41 (MainThread): Parsing ../data/raw_html/mycuinfo/CSCI.html
17:16:42 (MainThread): Parsing ../data/raw_html/mycuinfo/GSLL.html
17:16:42 (MainThread): Parsing ../data/raw_html/mycuinfo/ARSC.html
17:16:42 (MainThread): Parsing ../data/raw_html/mycuinfo/FNCE.html
17:16:42 (MainThread): Parsing ../data/raw_html/mycuinfo/BCOR.html
17:16:43 (MainThread): Parsing ../data/raw_html/mycuinfo/GEOG.html
17:16:43 (MainThread): Parsing ../data/raw_html/mycuinfo/GEOL.html
17:16:44 (MainThread): Parsing ../data/raw_html/mycuinfo/DANE.html
17:16:44 (MainThread): Parsing ../data/raw_html/mycuinfo/IAFS.html
17:16:44 (MainThread): Parsing ../data/raw_html/mycuinfo/CMCI.html
17:16:44 (MainThread): Parsing ../data/raw_html/mycuinfo/FREN.html
17:16:44 (MainThread): Parsing ../data/raw_html/mycuinfo/AREN.html
17:16:45 (MainThread): Parsing ../data/raw_html/mycuinfo/COEN.html
17:16:45 (MainThread): Parsing ../data/raw_html/mycuinfo/ECEN.html
17:16:46 (MainThread): Parsing ../data/raw_html/mycuinfo/ACCT.html
17:16:46 (MainThread): Parsing ../data/raw_html/mycuinfo/HEBR.html
17:16:46 (MainThread): Parsing ../data/raw_html/mycuinfo/CHEN.html
17:16:47 (MainThread): Parsing ../data/raw_html/mycuinfo/EMUS.html
17:16:48 (MainThread): Parsing ../data/raw_html/mycuinfo/ARTS.html
17:16:48 (MainThread): Parsing ../data/raw_html/mycuinfo/CHEM2.html
17:16:50 (MainThread): Parsing ../data/raw_html/mycuinfo/ASEN.html
17:16:50 (MainThread): Parsing ../data/raw_html/mycuinfo/APRD.html
17:16:51 (MainThread): Parsing ../data/raw_html/mycuinfo/BASE.html
17:16:51 (MainThread): Parsing ../data/raw_html/mycuinfo/INVS.html
17:16:51 (MainThread): Parsing ../data/raw_html/mycuinfo/COMM.html
17:16:51 (MainThread): Parsing ../data/raw_html/mycuinfo/EVEN.html
17:16:52 (MainThread): Parsing ../data/raw_html/mycuinfo/DNCE.html
17:16:52 (MainThread): Parsing ../data/raw_html/mycuinfo/GEEN.html
17:16:52 (MainThread): Parsing ../data/raw_html/mycuinfo/FILM.html
17:16:53 (MainThread): Parsing ../data/raw_html/mycuinfo/CAMW.html
17:16:53 (MainThread): Parsing ../data/raw_html/mycuinfo/ENEN.html
17:16:53 (MainThread): Parsing ../data/raw_html/mycuinfo/ENVM.html
17:16:53 (MainThread): Parsing ../data/raw_html/mycuinfo/ESBM.html
17:16:53 (MainThread): Parsing ../data/raw_html/mycuinfo/GREK.html
17:16:53 (MainThread): Parsing ../data/raw_html/mycuinfo/CESR.html
17:16:53 (MainThread): Parsing ../data/raw_html/mycuinfo/ANTH.html
17:16:53 (MainThread): Parsing ../data/raw_html/mycuinfo/ENVS.html
17:16:54 (MainThread): Parsing ../data/raw_html/mycuinfo/HONR.html
17:16:54 (MainThread): Parsing ../data/raw_html/mycuinfo/HIST.html
17:16:54 (MainThread): Parsing ../data/raw_html/mycuinfo/CWCV.html
17:16:54 (MainThread): Parsing ../data/raw_html/mycuinfo/ARAB.html
17:16:54 (MainThread): Parsing ../data/raw_html/mycuinfo/AIRR.html
17:16:55 (MainThread): Parsing ../data/raw_html/mycuinfo/EDUC.html
17:16:55 (MainThread): Parsing ../data/raw_html/mycuinfo/CHEM.html
17:16:56 (MainThread): Parsing ../data/raw_html/mycuinfo/COML.html
17:16:56 (MainThread): Parsing ../data/raw_html/mycuinfo/EBIO.html
17:16:57 (MainThread): Parsing ../data/raw_html/mycuinfo/BUSM.html
17:16:57 (MainThread): Parsing ../data/raw_html/mycuinfo/ATLS.html
17:16:58 (MainThread): Parsing ../data/raw_html/mycuinfo/CMDP.html
17:16:58 (MainThread): Parsing ../data/raw_html/mycuinfo/HIND.html
17:16:58 (MainThread): Parsing ../data/raw_html/mycuinfo/CLAS.html
17:16:58 (MainThread): Parsing ../data/raw_html/mycuinfo/ETHN.html
17:16:59 (MainThread): Parsing ../data/raw_html/mycuinfo/IAWP.html
17:16:59 (MainThread): Parsing ../data/raw_html/mycuinfo/CVEN.html
17:16:59 (MainThread): Parsing ../data/raw_html/mycuinfo/HUEN.html
17:16:59 (MainThread): Parsing ../data/raw_html/mycuinfo/BSLW.html
17:17:00 (MainThread): Parsing ../data/raw_html/mycuinfo/ASTR.html
17:17:00 (MainThread): Parsing ../data/raw_html/mycuinfo/INBU.html
17:17:00 (MainThread): Parsing ../data/raw_html/mycuinfo/GRMN.html
17:17:00 (MainThread): Parsing ../data/raw_html/mycuinfo/CSVC.html
17:17:00 (MainThread): Parsing ../data/raw_html/mycuinfo/BADM.html
17:17:01 (MainThread): Parsing ../data/raw_html/mycuinfo/ECON.html
17:17:01 (MainThread): Parsing ../data/raw_html/mycuinfo/EMEN.html
17:17:02 (MainThread): Parsing ../data/raw_html/mycuinfo/ATOC.html
17:17:02 (MainThread): Parsing ../data/raw_html/mycuinfo/FRSI.html
17:17:02 (MainThread): Parsing ../data/raw_html/mycuinfo/HUMN.html
17:17:03 (MainThread): Parsing ../data/raw_html/mycuinfo/ASIA.html
17:17:03 (MainThread): Parsing ../data/raw_html/mycuinfo/ENVD.html
17:17:03 (MainThread): Parsing ../data/raw_html/mycuinfo/COMR.html
17:17:03 (MainThread): Parsing ../data/raw_html/mycuinfo/ARTF.html
17:17:03 (MainThread): Writing to ../data/json/mycuinfo.json
17:17:03 (MainThread): Parse finished.
Already on 'gh-pages'
M	data/class_data.json
M	data/json/mycuinfo.json
M	src/scrape.py
Your branch is ahead of 'origin/autoupdate' by 12 commits.
  (use "git push" to publish your local commits)
[gh-pages cfe8bb9] Auto-update: Thu Nov  9 17:17:04 UTC 2017
 2 files changed, 59572 insertions(+), 8677 deletions(-)
 rewrite data/class_data.json (87%)
To git@github.com:lalaithion/yourcuinfo.git
 ! [rejected]        master -> master (non-fast-forward)
error: failed to push some refs to 'git@github.com:lalaithion/yourcuinfo.git'
hint: Updates were rejected because a pushed branch tip is behind its remote
hint: counterpart. Check out this branch and integrate the remote changes
hint: (e.g. 'git pull ...') before pushing again.
hint: See the 'Note about fast-forwards' in 'git push --help' for details.
18:21:05 (MainThread): Beggining new data harvest
18:21:05 (MainThread): Starting thread 1/1.
18:21:18 (Thread-1): Scraping department: ACCT.
18:21:46 (Thread-1): Scraping department: AIRR.
18:22:08 (Thread-1): Scraping department: ANTH.
18:22:52 (Thread-1): Scraping department: APPM.
18:27:23 (Thread-1): Scraping department: APRD.
18:28:11 (Thread-1): Scraping department: ARAB.
18:28:30 (Thread-1): Scraping department: ARCH.
18:28:35 (Thread-1): Got error message for ARCH, assumed empty.
18:28:35 (Thread-1): Scraping department: AREN.
18:29:01 (Thread-1): Scraping department: ARSC.
18:29:27 (Thread-1): Scraping department: ARTF.
18:29:46 (Thread-1): Scraping department: ARTH.
18:30:25 (Thread-1): Scraping department: ARTS.
18:32:31 (Thread-1): Scraping department: ASEN.
18:33:20 (Thread-1): Scraping department: ASIA.
18:33:39 (Thread-1): Scraping department: ASTR.
18:35:04 (Thread-1): Scraping department: ATLS.
18:36:30 (Thread-1): Scraping department: ATOC.
18:37:57 (Thread-1): Scraping department: BADM.
18:38:20 (Thread-1): Scraping department: BASE.
18:38:42 (Thread-1): Scraping department: BCOR.
18:39:17 (Thread-1): Scraping department: BSLW.
18:39:38 (Thread-1): Scraping department: BUSM.
18:40:01 (Thread-1): Scraping department: CAMW.
18:40:20 (Thread-1): Scraping department: CEES.
19:48:47 (MainThread): Beggining new data harvest
19:48:47 (MainThread): Starting thread 1/5.
19:48:47 (MainThread): Starting thread 2/5.
19:48:47 (MainThread): Starting thread 3/5.
19:48:47 (MainThread): Starting thread 4/5.
19:48:47 (MainThread): Starting thread 5/5.
19:49:27 (Thread-2): Scraping department: ACCT.
19:49:27 (Thread-4): Scraping department: AIRR.
19:49:27 (Thread-1): Scraping department: ANTH.
19:49:27 (Thread-5): Scraping department: APPM.
19:49:30 (Thread-3): Scraping department: APRD.
19:50:25 (Thread-4): Scraping department: ARAB.
19:51:27 (Thread-4): Scraping department: ARCH.
19:51:49 (Thread-4): Got error message for ARCH, assumed empty.
19:51:49 (Thread-4): Scraping department: AREN.
19:52:14 (Thread-2): Scraping department: ARSC.
19:53:22 (Thread-1): Scraping department: ARTF.
19:53:30 (Thread-4): Scraping department: ARTH.
19:53:50 (Thread-2): Scraping department: ARTS.
19:54:00 (Thread-1): Scraping department: ASEN.
19:54:12 (Thread-3): Scraping department: ASIA.
19:55:01 (Thread-3): Scraping department: ASTR.
19:58:04 (Thread-4): Scraping department: ATLS.
19:58:57 (Thread-1): Scraping department: ATOC.
20:01:30 (Thread-3): Error in department ASTR: Message: timeout
  (Session info: headless chrome=62.0.3202.75)
  (Driver info: chromedriver=2.33.506092 (733a02544d189eeb751fe0d7ddca79a0ee28cce4),platform=Linux 4.10.0-38-generic x86_64)
.
20:02:30 (Thread-3): Scraping department: BADM.
20:03:45 (Thread-3): Scraping department: BASE.
20:03:54 (Thread-2): Error in department ARTS: Message: timeout
  (Session info: headless chrome=62.0.3202.75)
  (Driver info: chromedriver=2.33.506092 (733a02544d189eeb751fe0d7ddca79a0ee28cce4),platform=Linux 4.10.0-38-generic x86_64)
.
20:04:51 (Thread-2): Scraping department: BCOR.
20:04:57 (Thread-4): Error in department ATLS: Message: timeout
  (Session info: headless chrome=62.0.3202.75)
  (Driver info: chromedriver=2.33.506092 (733a02544d189eeb751fe0d7ddca79a0ee28cce4),platform=Linux 4.10.0-38-generic x86_64)
.
20:05:06 (Thread-3): Scraping department: BSLW.
20:05:30 (Thread-5): Error in department APPM: Message: timeout
  (Session info: headless chrome=62.0.3202.75)
  (Driver info: chromedriver=2.33.506092 (733a02544d189eeb751fe0d7ddca79a0ee28cce4),platform=Linux 4.10.0-38-generic x86_64)
.
20:05:48 (Thread-4): Scraping department: BUSM.
20:05:59 (Thread-1): Error in department ATOC: Message: timeout
  (Session info: headless chrome=62.0.3202.75)
  (Driver info: chromedriver=2.33.506092 (733a02544d189eeb751fe0d7ddca79a0ee28cce4),platform=Linux 4.10.0-38-generic x86_64)
.
20:06:06 (Thread-3): Scraping department: CAMW.
20:06:18 (Thread-5): Scraping department: CEES.
20:06:33 (Thread-5): Got error message for CEES, assumed empty.
20:06:33 (Thread-5): Scraping department: CESR.
20:06:44 (Thread-1): Scraping department: CHEM.
20:06:44 (Thread-4): Scraping department: CHEN.
20:06:55 (Thread-3): Scraping department: CHIN.
20:07:08 (Thread-5): Scraping department: CLAS.
20:07:21 (Thread-2): Scraping department: CMCI.
20:08:40 (Thread-3): Scraping department: CMDP.
20:09:04 (Thread-2): Scraping department: COEN.
20:10:39 (Thread-2): Scraping department: COML.
20:10:56 (Thread-3): Scraping department: COMM.
20:11:05 (Thread-5): Scraping department: COMR.
20:11:41 (Thread-5): Scraping department: CSCI.
20:12:02 (Thread-2): Scraping department: CSVC.
20:12:39 (Thread-2): Scraping department: CVEN.
20:14:45 (Thread-1): Error in department CHEM: Message: timeout
  (Session info: headless chrome=62.0.3202.75)
  (Driver info: chromedriver=2.33.506092 (733a02544d189eeb751fe0d7ddca79a0ee28cce4),platform=Linux 4.10.0-38-generic x86_64)
.
20:14:53 (Thread-4): Error in department CHEN: Message: timeout
  (Session info: headless chrome=62.0.3202.75)
  (Driver info: chromedriver=2.33.506092 (733a02544d189eeb751fe0d7ddca79a0ee28cce4),platform=Linux 4.10.0-38-generic x86_64)
.
20:15:47 (Thread-4): Scraping department: CWCV.
20:15:52 (Thread-1): Scraping department: DANE.
20:16:17 (Thread-4): Scraping department: DNCE.
20:16:34 (Thread-1): Scraping department: EALC.
20:17:07 (Thread-1): Got error message for EALC, assumed empty.
20:17:07 (Thread-1): Scraping department: EBIO.
20:17:23 (Thread-3): Scraping department: ECEN.
20:20:40 (Thread-2): Error in department CVEN: Message: timeout
  (Session info: headless chrome=62.0.3202.75)
  (Driver info: chromedriver=2.33.506092 (733a02544d189eeb751fe0d7ddca79a0ee28cce4),platform=Linux 4.10.0-38-generic x86_64)
.
20:21:39 (Thread-2): Scraping department: ECON.
20:25:02 (Thread-4): Error in department DNCE: Message: timeout
  (Session info: headless chrome=62.0.3202.75)
  (Driver info: chromedriver=2.33.506092 (733a02544d189eeb751fe0d7ddca79a0ee28cce4),platform=Linux 4.10.0-38-generic x86_64)
.
20:26:01 (Thread-4): Scraping department: EDEN.
20:26:21 (Thread-4): Got error message for EDEN, assumed empty.
20:26:21 (Thread-4): Scraping department: EDUC.
20:27:05 (Thread-5): Error in department CSCI: Message: timeout
  (Session info: headless chrome=62.0.3202.75)
  (Driver info: chromedriver=2.33.506092 (733a02544d189eeb751fe0d7ddca79a0ee28cce4),platform=Linux 4.10.0-38-generic x86_64)
.
20:28:03 (Thread-5): Scraping department: EHON.
20:28:23 (Thread-5): Got error message for EHON, assumed empty.
20:28:23 (Thread-5): Scraping department: EMEN.
20:32:59 (Thread-1): Error in department EBIO: Message: timeout
  (Session info: headless chrome=62.0.3202.75)
  (Driver info: chromedriver=2.33.506092 (733a02544d189eeb751fe0d7ddca79a0ee28cce4),platform=Linux 4.10.0-38-generic x86_64)
.
20:33:13 (Thread-5): Scraping department: EMUS.
20:33:58 (Thread-3): Error in department ECEN: Message: timeout
  (Session info: headless chrome=62.0.3202.75)
  (Driver info: chromedriver=2.33.506092 (733a02544d189eeb751fe0d7ddca79a0ee28cce4),platform=Linux 4.10.0-38-generic x86_64)
.
20:33:59 (Thread-1): Scraping department: ENEN.
20:34:32 (Thread-1): Scraping department: ENGL.
20:34:51 (Thread-2): Error in department ECON: Message: timeout
  (Session info: headless chrome=62.0.3202.75)
  (Driver info: chromedriver=2.33.506092 (733a02544d189eeb751fe0d7ddca79a0ee28cce4),platform=Linux 4.10.0-38-generic x86_64)
.
20:34:54 (Thread-3): Scraping department: ENST.
20:35:36 (Thread-3): Scraping department: ENVD.
20:35:45 (Thread-2): Scraping department: ENVM.
20:35:49 (Thread-4): Error in department EDUC: Message: timeout
  (Session info: headless chrome=62.0.3202.75)
  (Driver info: chromedriver=2.33.506092 (733a02544d189eeb751fe0d7ddca79a0ee28cce4),platform=Linux 4.10.0-38-generic x86_64)
.
20:36:27 (Thread-2): Scraping department: ENVS.
20:36:43 (Thread-4): Scraping department: ESBM.
20:37:44 (Thread-4): Scraping department: ESLG.
20:38:09 (Thread-4): Got error message for ESLG, assumed empty.
20:38:09 (Thread-4): Scraping department: ETHN.
20:40:01 (Thread-5): Scraping department: EVEN.
20:40:05 (Thread-4): Scraping department: FARR.
20:40:30 (Thread-3): Scraping department: FILM.
20:40:38 (Thread-4): Scraping department: FNCE.
20:40:49 (Thread-5): Scraping department: FREN.
20:41:06 (Thread-2): Scraping department: FRSI.
20:41:48 (Thread-2): Scraping department: GEEN.
20:42:49 (Thread-1): Error in department ENGL: Message: timeout
  (Session info: headless chrome=62.0.3202.75)
  (Driver info: chromedriver=2.33.506092 (733a02544d189eeb751fe0d7ddca79a0ee28cce4),platform=Linux 4.10.0-38-generic x86_64)
.
20:42:59 (Thread-3): Scraping department: GEOG.
20:43:07 (Thread-2): Scraping department: GEOL.
20:43:18 (Thread-5): Scraping department: GREK.
20:43:26 (Thread-1): Scraping department: GRMN.
20:43:51 (Thread-4): Scraping department: GSLL.
20:44:00 (Thread-5): Scraping department: HEBR.
20:44:31 (Thread-4): Scraping department: HIND.
20:44:48 (Thread-5): Scraping department: HIST.
20:45:20 (Thread-4): Scraping department: HONR.
20:45:56 (Thread-1): Scraping department: HUEN.
20:46:03 (Thread-4): Scraping department: HUMN.
20:47:53 (Thread-1): Scraping department: IAFS.
20:48:40 (Thread-4): Scraping department: IAWP.
20:49:03 (Thread-1): Scraping department: INBU.
20:49:04 (Thread-2): Scraping department: INFO.
20:49:16 (Thread-4): Scraping department: INVS.
20:49:36 (Thread-3): Error in department GEOG: Message: timeout
  (Session info: headless chrome=62.0.3202.75)
  (Driver info: chromedriver=2.33.506092 (733a02544d189eeb751fe0d7ddca79a0ee28cce4),platform=Linux 4.10.0-38-generic x86_64)
.
20:49:55 (Thread-1): Scraping department: IPHY.
20:50:13 (Thread-3): Scraping department: ITAL.
20:50:20 (Thread-4): Scraping department: JOUR.
20:50:40 (Thread-4): Got error message for JOUR, assumed empty.
20:50:40 (Thread-4): Scraping department: JPNS.
20:50:45 (Thread-2): Scraping department: JRNL.
20:51:14 (Thread-3): Scraping department: JWST.
20:51:25 (Thread-5): Scraping department: KREN.
20:52:18 (Thread-5): Scraping department: LATN.
20:52:21 (Thread-4): Scraping department: LAWS.
20:52:33 (Thread-3): Scraping department: LDSP.
20:53:02 (Thread-3): Got error message for LDSP, assumed empty.
20:53:02 (Thread-3): Scraping department: LEAD.
20:53:43 (Thread-5): Scraping department: LGBT.
20:53:52 (Thread-3): Scraping department: LGTC.
20:53:55 (Thread-2): Scraping department: LIBB.
20:54:16 (Thread-3): Got error message for LGTC, assumed empty.
20:54:16 (Thread-3): Scraping department: LIBR.
20:54:31 (Thread-2): Scraping department: LING.
20:54:44 (Thread-5): Scraping department: MATH.
20:54:49 (Thread-3): Scraping department: MBAC.
20:55:46 (Thread-3): Scraping department: MBAX.
20:58:43 (Thread-3): Scraping department: MCDB.
20:59:48 (Thread-2): Scraping department: MCEN.
21:00:08 (Thread-4): Scraping department: MDST.
21:02:26 (Thread-4): Scraping department: MEMS.
21:02:51 (Thread-4): Got error message for MEMS, assumed empty.
21:02:51 (Thread-4): Scraping department: MGMT.
21:06:00 (Thread-1): Error in department IPHY: Message: timeout
  (Session info: headless chrome=62.0.3202.75)
  (Driver info: chromedriver=2.33.506092 (733a02544d189eeb751fe0d7ddca79a0ee28cce4),platform=Linux 4.10.0-38-generic x86_64)
.
21:06:50 (Thread-4): Scraping department: MILR.
21:06:51 (Thread-1): Scraping department: MKTG.
21:07:09 (Thread-3): Error in department MCDB: Message: timeout
  (Session info: headless chrome=62.0.3202.75)
  (Driver info: chromedriver=2.33.506092 (733a02544d189eeb751fe0d7ddca79a0ee28cce4),platform=Linux 4.10.0-38-generic x86_64)
.
21:07:45 (Thread-4): Scraping department: MSBX.
21:08:03 (Thread-3): Scraping department: MSEN.
21:08:38 (Thread-4): Scraping department: MUEL.
21:08:42 (Thread-3): Scraping department: MUSC.
21:09:12 (Thread-1): Scraping department: MUSM.
21:10:00 (Thread-1): Scraping department: NAVR.
21:10:17 (Thread-5): Error in department MATH: Message: timeout
  (Session info: headless chrome=62.0.3202.75)
  (Driver info: chromedriver=2.33.506092 (733a02544d189eeb751fe0d7ddca79a0ee28cce4),platform=Linux 4.10.0-38-generic x86_64)
.
21:10:37 (Thread-4): Scraping department: NRLN.
21:11:05 (Thread-5): Scraping department: NRSC.
21:11:08 (Thread-1): Scraping department: OPIM.
21:11:12 (Thread-4): Scraping department: ORMG.
21:11:16 (Thread-2): Error in department MCEN: Message: timeout
  (Session info: headless chrome=62.0.3202.75)
  (Driver info: chromedriver=2.33.506092 (733a02544d189eeb751fe0d7ddca79a0ee28cce4),platform=Linux 4.10.0-38-generic x86_64)
.
21:11:48 (Thread-1): Scraping department: PACS.
21:11:55 (Thread-4): Scraping department: PHIL.
21:12:03 (Thread-2): Scraping department: PHYS.
21:12:40 (Thread-1): Scraping department: PMUS.
21:13:44 (Thread-5): Scraping department: PORT.
21:14:44 (Thread-5): Scraping department: PRLC.
21:15:40 (Thread-3): Error in department MUSC: Message: timeout
  (Session info: headless chrome=62.0.3202.75)
  (Driver info: chromedriver=2.33.506092 (733a02544d189eeb751fe0d7ddca79a0ee28cce4),platform=Linux 4.10.0-38-generic x86_64)
.
21:15:46 (Thread-5): Scraping department: PSCI.
21:16:35 (Thread-3): Scraping department: PSYC.
21:21:07 (Thread-4): Error in department PHIL: Message: timeout
  (Session info: headless chrome=62.0.3202.75)
  (Driver info: chromedriver=2.33.506092 (733a02544d189eeb751fe0d7ddca79a0ee28cce4),platform=Linux 4.10.0-38-generic x86_64)
.
21:22:01 (Thread-4): Scraping department: REAL.
21:23:34 (Thread-4): Scraping department: RLST.
21:28:06 (Thread-2): Error in department PHYS: Message: timeout
  (Session info: headless chrome=62.0.3202.75)
  (Driver info: chromedriver=2.33.506092 (733a02544d189eeb751fe0d7ddca79a0ee28cce4),platform=Linux 4.10.0-38-generic x86_64)
.
21:28:18 (Thread-3): Error in department PSYC: Message: timeout
  (Session info: headless chrome=62.0.3202.75)
  (Driver info: chromedriver=2.33.506092 (733a02544d189eeb751fe0d7ddca79a0ee28cce4),platform=Linux 4.10.0-38-generic x86_64)
.
21:29:45 (Thread-2): Scraping department: RSEI.
21:30:13 (Thread-3): Scraping department: RUSS.
21:30:20 (Thread-2): Got error message for RSEI, assumed empty.
21:30:20 (Thread-2): Scraping department: SCAN.
21:31:12 (Thread-1): Error in department PMUS: Message: timeout
  (Session info: headless chrome=62.0.3202.75)
  (Driver info: chromedriver=2.33.506092 (733a02544d189eeb751fe0d7ddca79a0ee28cce4),platform=Linux 4.10.0-38-generic x86_64)
.
21:32:24 (Thread-5): Error in department PSCI: Message: timeout
  (Session info: headless chrome=62.0.3202.75)
  (Driver info: chromedriver=2.33.506092 (733a02544d189eeb751fe0d7ddca79a0ee28cce4),platform=Linux 4.10.0-38-generic x86_64)
.
21:32:38 (Thread-2): Scraping department: SEWL.
21:33:01 (Thread-1): Scraping department: SLHS.
21:33:15 (Thread-2): Got error message for SEWL, assumed empty.
21:33:15 (Thread-2): Scraping department: SNSK.
21:33:44 (Thread-2): Got error message for SNSK, assumed empty.
21:33:44 (Thread-2): Scraping department: SOCY.
21:34:04 (Thread-4): Error in department RLST: Message: timeout
  (Session info: headless chrome=62.0.3202.75)
  (Driver info: chromedriver=2.33.506092 (733a02544d189eeb751fe0d7ddca79a0ee28cce4),platform=Linux 4.10.0-38-generic x86_64)
.
21:34:17 (Thread-5): Scraping department: SPAN.
21:35:26 (Thread-4): Scraping department: SSIR.
21:36:02 (Thread-3): Scraping department: SUST.
21:36:25 (Thread-4): Scraping department: SWED.
21:36:50 (Thread-3): Got error message for SUST, assumed empty.
21:36:50 (Thread-3): Scraping department: TBTN.
21:37:27 (Thread-3): Got error message for TBTN, assumed empty.
21:37:27 (Thread-3): Scraping department: THTR.
21:37:53 (Thread-4): Scraping department: TLEN.
21:44:25 (Thread-1): Error in department SLHS: Message: timeout
  (Session info: headless chrome=62.0.3202.75)
  (Driver info: chromedriver=2.33.506092 (733a02544d189eeb751fe0d7ddca79a0ee28cce4),platform=Linux 4.10.0-38-generic x86_64)
.
21:45:06 (Thread-5): Error in department SPAN: Message: timeout
  (Session info: headless chrome=62.0.3202.75)
  (Driver info: chromedriver=2.33.506092 (733a02544d189eeb751fe0d7ddca79a0ee28cce4),platform=Linux 4.10.0-38-generic x86_64)
.
21:46:24 (Thread-1): Scraping department: TMUS.
21:46:54 (Thread-5): Scraping department: WMST.
21:47:24 (Thread-5): Got error message for WMST, assumed empty.
21:47:24 (Thread-5): Scraping department: WRTG.
21:50:10 (Thread-4): Scraping department: YIDD.
21:50:16 (Thread-2): Error in department SOCY: Message: timeout
  (Session info: headless chrome=62.0.3202.75)
  (Driver info: chromedriver=2.33.506092 (733a02544d189eeb751fe0d7ddca79a0ee28cce4),platform=Linux 4.10.0-38-generic x86_64)
.
21:50:54 (Thread-4): Got error message for YIDD, assumed empty.
21:50:54 (Thread-4): Scraping department: ASTR.
21:52:17 (Thread-2): Scraping department: ARTS.
21:53:53 (Thread-3): Error in department THTR: Message: timeout
  (Session info: headless chrome=62.0.3202.75)
  (Driver info: chromedriver=2.33.506092 (733a02544d189eeb751fe0d7ddca79a0ee28cce4),platform=Linux 4.10.0-38-generic x86_64)
.
21:55:14 (Thread-1): Scraping department: ATLS.
21:55:28 (Thread-3): Scraping department: APPM.
22:03:24 (Thread-5): Error in department WRTG: Message: timeout
  (Session info: headless chrome=62.0.3202.75)
  (Driver info: chromedriver=2.33.506092 (733a02544d189eeb751fe0d7ddca79a0ee28cce4),platform=Linux 4.10.0-38-generic x86_64)
.
22:03:47 (Thread-4): Error in department ASTR: Message: timeout
  (Session info: headless chrome=62.0.3202.75)
  (Driver info: chromedriver=2.33.506092 (733a02544d189eeb751fe0d7ddca79a0ee28cce4),platform=Linux 4.10.0-38-generic x86_64)
.
22:05:15 (Thread-5): Scraping department: ATOC.
22:05:45 (Thread-4): Scraping department: CHEM.
22:09:38 (Thread-2): Error in department ARTS: Message: timeout
  (Session info: headless chrome=62.0.3202.75)
  (Driver info: chromedriver=2.33.506092 (733a02544d189eeb751fe0d7ddca79a0ee28cce4),platform=Linux 4.10.0-38-generic x86_64)
.
22:10:25 (Thread-1): Error in department ATLS: Message: timeout
  (Session info: headless chrome=62.0.3202.75)
  (Driver info: chromedriver=2.33.506092 (733a02544d189eeb751fe0d7ddca79a0ee28cce4),platform=Linux 4.10.0-38-generic x86_64)
.
22:11:28 (Thread-2): Scraping department: CHEN.
22:12:23 (Thread-1): Scraping department: CVEN.
22:12:56 (Thread-3): Error in department APPM: Message: timeout
  (Session info: headless chrome=62.0.3202.75)
  (Driver info: chromedriver=2.33.506092 (733a02544d189eeb751fe0d7ddca79a0ee28cce4),platform=Linux 4.10.0-38-generic x86_64)
.
22:14:44 (Thread-3): Scraping department: DNCE.
22:19:10 (Thread-5): Error in department ATOC: Message: timeout
  (Session info: headless chrome=62.0.3202.75)
  (Driver info: chromedriver=2.33.506092 (733a02544d189eeb751fe0d7ddca79a0ee28cce4),platform=Linux 4.10.0-38-generic x86_64)
.
22:21:14 (Thread-5): Scraping department: CSCI.
22:21:45 (Thread-4): Error in department CHEM: Message: timeout
  (Session info: headless chrome=62.0.3202.75)
  (Driver info: chromedriver=2.33.506092 (733a02544d189eeb751fe0d7ddca79a0ee28cce4),platform=Linux 4.10.0-38-generic x86_64)
.
22:23:28 (Thread-4): Scraping department: EBIO.
22:27:56 (Thread-2): Error in department CHEN: Message: timeout
  (Session info: headless chrome=62.0.3202.75)
  (Driver info: chromedriver=2.33.506092 (733a02544d189eeb751fe0d7ddca79a0ee28cce4),platform=Linux 4.10.0-38-generic x86_64)
.
22:29:47 (Thread-1): Error in department CVEN: Message: timeout
  (Session info: headless chrome=62.0.3202.75)
  (Driver info: chromedriver=2.33.506092 (733a02544d189eeb751fe0d7ddca79a0ee28cce4),platform=Linux 4.10.0-38-generic x86_64)
.
22:29:48 (Thread-2): Scraping department: ECEN.
22:31:19 (Thread-3): Error in department DNCE: Message: timeout
  (Session info: headless chrome=62.0.3202.75)
  (Driver info: chromedriver=2.33.506092 (733a02544d189eeb751fe0d7ddca79a0ee28cce4),platform=Linux 4.10.0-38-generic x86_64)
.
22:31:37 (Thread-1): Scraping department: ECON.
22:32:59 (Thread-3): Scraping department: EDUC.
22:38:38 (Thread-5): Error in department CSCI: Message: timeout
  (Session info: headless chrome=62.0.3202.75)
  (Driver info: chromedriver=2.33.506092 (733a02544d189eeb751fe0d7ddca79a0ee28cce4),platform=Linux 4.10.0-38-generic x86_64)
.
22:39:57 (Thread-4): Error in department EBIO: Message: timeout
  (Session info: headless chrome=62.0.3202.75)
  (Driver info: chromedriver=2.33.506092 (733a02544d189eeb751fe0d7ddca79a0ee28cce4),platform=Linux 4.10.0-38-generic x86_64)
.
22:40:30 (Thread-5): Scraping department: ENGL.
22:41:56 (Thread-4): Scraping department: GEOG.
22:47:33 (Thread-2): Error in department ECEN: Message: timeout
  (Session info: headless chrome=62.0.3202.75)
  (Driver info: chromedriver=2.33.506092 (733a02544d189eeb751fe0d7ddca79a0ee28cce4),platform=Linux 4.10.0-38-generic x86_64)
.
22:48:07 (Thread-1): Error in department ECON: Message: timeout
  (Session info: headless chrome=62.0.3202.75)
  (Driver info: chromedriver=2.33.506092 (733a02544d189eeb751fe0d7ddca79a0ee28cce4),platform=Linux 4.10.0-38-generic x86_64)
.
22:49:24 (Thread-2): Scraping department: IPHY.
22:49:52 (Thread-1): Scraping department: MCDB.
22:50:39 (Thread-3): Error in department EDUC: Message: timeout
  (Session info: headless chrome=62.0.3202.75)
  (Driver info: chromedriver=2.33.506092 (733a02544d189eeb751fe0d7ddca79a0ee28cce4),platform=Linux 4.10.0-38-generic x86_64)
.
22:52:32 (Thread-3): Scraping department: MATH.
22:56:28 (Thread-4): Error in department GEOG: Message: timeout
  (Session info: headless chrome=62.0.3202.75)
  (Driver info: chromedriver=2.33.506092 (733a02544d189eeb751fe0d7ddca79a0ee28cce4),platform=Linux 4.10.0-38-generic x86_64)
.
22:57:47 (Thread-5): Error in department ENGL: Message: timeout
  (Session info: headless chrome=62.0.3202.75)
  (Driver info: chromedriver=2.33.506092 (733a02544d189eeb751fe0d7ddca79a0ee28cce4),platform=Linux 4.10.0-38-generic x86_64)
.
22:58:25 (Thread-4): Scraping department: MCEN.
22:59:36 (Thread-5): Scraping department: MUSC.
23:06:28 (Thread-2): Error in department IPHY: Message: timeout
  (Session info: headless chrome=62.0.3202.75)
  (Driver info: chromedriver=2.33.506092 (733a02544d189eeb751fe0d7ddca79a0ee28cce4),platform=Linux 4.10.0-38-generic x86_64)
.
23:06:42 (Thread-1): Error in department MCDB: Message: timeout
  (Session info: headless chrome=62.0.3202.75)
  (Driver info: chromedriver=2.33.506092 (733a02544d189eeb751fe0d7ddca79a0ee28cce4),platform=Linux 4.10.0-38-generic x86_64)
.
23:08:25 (Thread-1): Scraping department: PHIL.
23:08:25 (Thread-2): Scraping department: PHYS.
23:10:07 (Thread-3): Error in department MATH: Message: timeout
  (Session info: headless chrome=62.0.3202.75)
  (Driver info: chromedriver=2.33.506092 (733a02544d189eeb751fe0d7ddca79a0ee28cce4),platform=Linux 4.10.0-38-generic x86_64)
.
23:12:04 (Thread-3): Scraping department: PSYC.
23:15:18 (Thread-4): Error in department MCEN: Message: timeout
  (Session info: headless chrome=62.0.3202.75)
  (Driver info: chromedriver=2.33.506092 (733a02544d189eeb751fe0d7ddca79a0ee28cce4),platform=Linux 4.10.0-38-generic x86_64)
.
23:15:51 (Thread-5): Error in department MUSC: Message: timeout
  (Session info: headless chrome=62.0.3202.75)
  (Driver info: chromedriver=2.33.506092 (733a02544d189eeb751fe0d7ddca79a0ee28cce4),platform=Linux 4.10.0-38-generic x86_64)
.
23:17:09 (Thread-4): Scraping department: PMUS.
23:17:35 (Thread-5): Scraping department: PSCI.
23:25:28 (Thread-2): Error in department PHYS: Message: timeout
  (Session info: headless chrome=62.0.3202.75)
  (Driver info: chromedriver=2.33.506092 (733a02544d189eeb751fe0d7ddca79a0ee28cce4),platform=Linux 4.10.0-38-generic x86_64)
.
23:26:20 (Thread-1): Scraping department: RLST.
23:26:42 (Thread-3): Error in department PSYC: Message: timeout
  (Session info: headless chrome=62.0.3202.75)
  (Driver info: chromedriver=2.33.506092 (733a02544d189eeb751fe0d7ddca79a0ee28cce4),platform=Linux 4.10.0-38-generic x86_64)
.
23:26:56 (Thread-2): Scraping department: SLHS.
23:28:26 (Thread-3): Scraping department: SPAN.
23:35:30 (Thread-5): Error in department PSCI: Message: timeout
  (Session info: headless chrome=62.0.3202.75)
  (Driver info: chromedriver=2.33.506092 (733a02544d189eeb751fe0d7ddca79a0ee28cce4),platform=Linux 4.10.0-38-generic x86_64)
.
23:37:28 (Thread-5): Scraping department: SOCY.
23:37:35 (Thread-2): Error in department SLHS: Message: timeout
  (Session info: headless chrome=62.0.3202.75)
  (Driver info: chromedriver=2.33.506092 (733a02544d189eeb751fe0d7ddca79a0ee28cce4),platform=Linux 4.10.0-38-generic x86_64)
.
23:37:59 (Thread-1): Error in department RLST: Message: timeout
  (Session info: headless chrome=62.0.3202.75)
  (Driver info: chromedriver=2.33.506092 (733a02544d189eeb751fe0d7ddca79a0ee28cce4),platform=Linux 4.10.0-38-generic x86_64)
.
23:38:38 (Thread-3): Error in department SPAN: Message: timeout
  (Session info: headless chrome=62.0.3202.75)
  (Driver info: chromedriver=2.33.506092 (733a02544d189eeb751fe0d7ddca79a0ee28cce4),platform=Linux 4.10.0-38-generic x86_64)
.
23:39:07 (Thread-4): Error in department PMUS: Message: timeout
  (Session info: headless chrome=62.0.3202.75)
  (Driver info: chromedriver=2.33.506092 (733a02544d189eeb751fe0d7ddca79a0ee28cce4),platform=Linux 4.10.0-38-generic x86_64)
.
23:39:14 (Thread-2): Scraping department: THTR.
23:39:36 (Thread-1): Scraping department: WRTG.
23:40:19 (Thread-3): Scraping department: ASTR.
23:40:49 (Thread-4): Scraping department: ARTS.
23:53:13 (Thread-3): Error in department ASTR: Message: timeout
  (Session info: headless chrome=62.0.3202.75)
  (Driver info: chromedriver=2.33.506092 (733a02544d189eeb751fe0d7ddca79a0ee28cce4),platform=Linux 4.10.0-38-generic x86_64)
.
23:54:10 (Thread-5): Error in department SOCY: Message: timeout
  (Session info: headless chrome=62.0.3202.75)
  (Driver info: chromedriver=2.33.506092 (733a02544d189eeb751fe0d7ddca79a0ee28cce4),platform=Linux 4.10.0-38-generic x86_64)
.
23:54:59 (Thread-3): Scraping department: ATLS.
23:55:33 (Thread-1): Error in department WRTG: Message: timeout
  (Session info: headless chrome=62.0.3202.75)
  (Driver info: chromedriver=2.33.506092 (733a02544d189eeb751fe0d7ddca79a0ee28cce4),platform=Linux 4.10.0-38-generic x86_64)
.
23:55:59 (Thread-5): Scraping department: APPM.
23:56:20 (Thread-2): Error in department THTR: Message: timeout
  (Session info: headless chrome=62.0.3202.75)
  (Driver info: chromedriver=2.33.506092 (733a02544d189eeb751fe0d7ddca79a0ee28cce4),platform=Linux 4.10.0-38-generic x86_64)
.
23:57:19 (Thread-1): Scraping department: ATOC.
23:58:03 (Thread-2): Scraping department: CHEM.
23:58:29 (Thread-4): Error in department ARTS: Message: timeout
  (Session info: headless chrome=62.0.3202.75)
  (Driver info: chromedriver=2.33.506092 (733a02544d189eeb751fe0d7ddca79a0ee28cce4),platform=Linux 4.10.0-38-generic x86_64)
.
00:00:26 (Thread-4): Scraping department: CHEN.
00:09:14 (Thread-3): Error in department ATLS: Message: timeout
  (Session info: headless chrome=62.0.3202.75)
  (Driver info: chromedriver=2.33.506092 (733a02544d189eeb751fe0d7ddca79a0ee28cce4),platform=Linux 4.10.0-38-generic x86_64)
.
00:10:45 (Thread-1): Error in department ATOC: Message: timeout
  (Session info: headless chrome=62.0.3202.75)
  (Driver info: chromedriver=2.33.506092 (733a02544d189eeb751fe0d7ddca79a0ee28cce4),platform=Linux 4.10.0-38-generic x86_64)
.
00:11:13 (Thread-3): Scraping department: CVEN.
00:12:47 (Thread-1): Scraping department: DNCE.
00:13:04 (Thread-5): Error in department APPM: Message: timeout
  (Session info: headless chrome=62.0.3202.75)
  (Driver info: chromedriver=2.33.506092 (733a02544d189eeb751fe0d7ddca79a0ee28cce4),platform=Linux 4.10.0-38-generic x86_64)
.
00:13:55 (Thread-2): Error in department CHEM: Message: timeout
  (Session info: headless chrome=62.0.3202.75)
  (Driver info: chromedriver=2.33.506092 (733a02544d189eeb751fe0d7ddca79a0ee28cce4),platform=Linux 4.10.0-38-generic x86_64)
.
00:14:41 (Thread-5): Scraping department: CSCI.
00:15:50 (Thread-2): Scraping department: EBIO.
00:16:57 (Thread-4): Error in department CHEN: Message: timeout
  (Session info: headless chrome=62.0.3202.75)
  (Driver info: chromedriver=2.33.506092 (733a02544d189eeb751fe0d7ddca79a0ee28cce4),platform=Linux 4.10.0-38-generic x86_64)
.
00:19:01 (Thread-4): Scraping department: ECEN.
